c:\users\gta76\source\repos\opengl\build\intermediates\x64\debug\vc143.pdb
c:\users\gta76\source\repos\opengl\build\intermediates\x64\debug\vc143.idb
c:\users\gta76\source\repos\opengl\build\intermediates\x64\debug\backend.obj
c:\users\gta76\source\repos\opengl\build\intermediates\x64\debug\main.obj
c:\users\gta76\source\repos\opengl\build\intermediates\x64\debug\shader.obj
c:\users\gta76\source\repos\opengl\build\intermediates\x64\debug\glad.obj
c:\users\gta76\source\repos\opengl\build\intermediates\x64\debug\vao.obj
c:\users\gta76\source\repos\opengl\build\intermediates\x64\debug\vbo.obj
c:\users\gta76\source\repos\opengl\build\intermediates\x64\debug\ebo.obj
c:\users\gta76\source\repos\opengl\build\x64\debug\opengl.exe
c:\users\gta76\source\repos\opengl\build\intermediates\x64\debug\opengl.ilk
c:\users\gta76\source\repos\opengl\build\x64\debug\opengl.pdb
c:\users\gta76\source\repos\opengl\build\intermediates\x64\debug\opengl.vcxproj.filelistabsolute.txt
c:\users\gta76\source\repos\opengl\build\intermediates\x64\debug\opengl.tlog\cl.command.1.tlog
c:\users\gta76\source\repos\opengl\build\intermediates\x64\debug\opengl.tlog\cl.items.tlog
c:\users\gta76\source\repos\opengl\build\intermediates\x64\debug\opengl.tlog\cl.read.1.tlog
c:\users\gta76\source\repos\opengl\build\intermediates\x64\debug\opengl.tlog\cl.write.1.tlog
c:\users\gta76\source\repos\opengl\build\intermediates\x64\debug\opengl.tlog\link.command.1.tlog
c:\users\gta76\source\repos\opengl\build\intermediates\x64\debug\opengl.tlog\link.read.1.tlog
c:\users\gta76\source\repos\opengl\build\intermediates\x64\debug\opengl.tlog\link.write.1.tlog
